<?xml version="1.0" encoding="UTF-8"?>
<testsuite name="com.campro.v5.animation.TransmissionSynthesisTest" tests="3" skipped="0" failures="0" errors="0" timestamp="2025-08-22T19:45:13.344Z" hostname="ABED" time="0.018">
  <properties/>
  <testcase name="residual_below_preview_tolerance_for_default()" classname="com.campro.v5.animation.TransmissionSynthesisTest" time="0.005"/>
  <testcase name="periodicity_and_mean_unity()" classname="com.campro.v5.animation.TransmissionSynthesisTest" time="0.003"/>
  <testcase name="kotlin_and_rust_transmission_values_match_within_tolerance()" classname="com.campro.v5.animation.TransmissionSynthesisTest" time="0.01"/>
  <system-out><![CDATA[]]></system-out>
  <system-err><![CDATA[]]></system-err>
</testsuite>
