<?xml version="1.0" encoding="UTF-8"?>
<testsuite name="com.campro.v5.animation.MotionLawContinuityTest" tests="2" skipped="0" failures="0" errors="0" timestamp="2025-08-22T19:45:12.314Z" hostname="ABED" time="0.009">
  <properties/>
  <testcase name="sampling_adjustment_is_deterministic_and_monotone_theta()" classname="com.campro.v5.animation.MotionLawContinuityTest" time="0.001"/>
  <testcase name="periodicity_wrap_and_dwell_zeros_for_all_profiles()" classname="com.campro.v5.animation.MotionLawContinuityTest" time="0.008"/>
  <system-out><![CDATA[]]></system-out>
  <system-err><![CDATA[]]></system-err>
</testsuite>
