<?xml version="1.0" encoding="UTF-8"?>
<testsuite name="com.campro.v5.NativeLibraryTest" tests="3" skipped="0" failures="0" errors="0" timestamp="2025-08-22T19:45:12.265Z" hostname="ABED" time="0.019">
  <properties/>
  <testcase name="testSystemProperties()" classname="com.campro.v5.NativeLibraryTest" time="0.002"/>
  <testcase name="testFeaEngineLibraryLoading()" classname="com.campro.v5.NativeLibraryTest" time="0.007"/>
  <testcase name="testMotionLawEngineLibraryLoading()" classname="com.campro.v5.NativeLibraryTest" time="0.009"/>
  <system-out><![CDATA[[DEBUG_LOG] Starting native library test setup
[DEBUG_LOG] Testing system properties...
[DEBUG_LOG] OS Name: Windows 11
[DEBUG_LOG] OS Arch: amd64
[DEBUG_LOG] Java Library Path: C:\Program Files\Eclipse Adoptium\jdk-17.0.16.8-hotspot\bin;C:\WINDOWS\Sun\Java\bin;C:\WINDOWS\system32;C:\WINDOWS;C:\Program Files\Eclipse Adoptium\jdk-17.0.16.8-hotspot\bin;C:\Program Files\Python311\Scripts\;C:\Program Files\Python311\;C:\Program Files (x86)\Common Files\Oracle\Java\java8path;C:\Program Files (x86)\Common Files\Oracle\Java\javapath;C:\WINDOWS\system32;C:\WINDOWS;C:\WINDOWS\System32\Wbem;C:\WINDOWS\System32\WindowsPowerShell\v1.0\;C:\WINDOWS\System32\OpenSSH\;C:\Program Files\NVIDIA Corporation\NVIDIA app\NvDLISR;C:\Program Files (x86)\NVIDIA Corporation\PhysX\Common;C:\Program Files\Git\cmd;c:\Users\maxed\AppData\Local\Programs\cursor\resources\app\bin;C:\Program Files\dotnet\;C:\Users\maxed\AppData\Local\Muse Hub\lib;C:\Program Files\Microsoft SQL Server\Client SDK\ODBC\170\Tools\Binn\;C:\Program Files (x86)\Microsoft SQL Server\150\Tools\Binn\;C:\Program Files\Microsoft SQL Server\150\Tools\Binn\;C:\Program Files\Microsoft SQL Server\150\DTS\Binn\;C:\Program Files (x86)\Windows Kits\8.1\Windows Performance Toolkit\;C:\Program Files\Docker\Docker\resources\bin;C:\Users\maxed\.cargo\bin;C:\Users\maxed\AppData\Local\Microsoft\WindowsApps;C:\Users\maxed\AppData\Local\GitHubDesktop\bin;C:\Users\maxed\AppData\Local\Programs\Microsoft VS Code\bin;C:\Users\maxed\AppData\Local\Programs\cursor\resources\app\bin;C:\Users\maxed\AppData\Local\Muse Hub\lib;C:\Program Files\JetBrains\IntelliJ IDEA 2025.1.4.1\bin;;C:\Users\maxed\AppData\Local\JetBrains\Toolbox\scripts;;.
[DEBUG_LOG] FEA library resource found: true
[DEBUG_LOG] Motion library resource found: true
[DEBUG_LOG] Starting native library test setup
[DEBUG_LOG] Testing FEA engine library loading...
Attempting to load native library from resource path: /native/windows/x86_64/campro_fea.dll
Extracted native library to: C:\Users\maxed\AppData\Local\Temp\campro_fea4421600719829324430\campro_fea.dll
Loaded Rust FEA engine native library from C:\Users\maxed\AppData\Local\Temp\campro_fea4421600719829324430\campro_fea.dll
Native library verification successful
[DEBUG_LOG] FEA engine instance created successfully
[DEBUG_LOG] FEA engine available: true
[DEBUG_LOG] FEA engine version: 1.0.0
[DEBUG_LOG] Starting native library test setup
[DEBUG_LOG] Testing Motion Law engine library loading...
2025-08-22 12:45:12.280 [Test worker] INFO  com.campro.v5.animation.MotionLawEngine - Initialized Rust logger: session=2025-08-22T19:45:12.076Z-503bc7e1 level=(default) dir=logs [sessionId=2025-08-22T19:45:12.076Z-503bc7e1]
[DEBUG_LOG] Motion Law engine instance created successfully
[DEBUG_LOG] Component positions retrieved: ComponentPositions(pistonPosition=Offset(17.7, 58.5), rodPosition=Offset(17.7, 22.7), camPosition=Offset(0.0, 0.0))
]]></system-out>
  <system-err><![CDATA[]]></system-err>
</testsuite>
