<?xml version="1.0" encoding="UTF-8"?>
<testsuite name="com.campro.v5.data.litvin.SchemaValidationTest" tests="2" skipped="0" failures="0" errors="0" timestamp="2025-08-22T19:45:26.663Z" hostname="ABED" time="0.007">
  <properties/>
  <testcase name="validate_motionlaw_against_schema()" classname="com.campro.v5.data.litvin.SchemaValidationTest" time="0.001"/>
  <testcase name="validate_transmission_against_schema()" classname="com.campro.v5.data.litvin.SchemaValidationTest" time="0.005"/>
  <system-out><![CDATA[]]></system-out>
  <system-err><![CDATA[]]></system-err>
</testsuite>
