<?xml version="1.0" encoding="UTF-8"?>
<testsuite name="com.campro.v5.EventSystemTest" tests="5" skipped="0" failures="0" errors="0" timestamp="2025-08-22T19:45:12.073Z" hostname="ABED" time="0.191">
  <properties/>
  <testcase name="testEventLogging()" classname="com.campro.v5.EventSystemTest" time="0.118"/>
  <testcase name="testEventFiltering()" classname="com.campro.v5.EventSystemTest" time="0.008"/>
  <testcase name="testEventExtensionFunctions()" classname="com.campro.v5.EventSystemTest" time="0.009"/>
  <testcase name="testEventPerformance()" classname="com.campro.v5.EventSystemTest" time="0.051"/>
  <testcase name="testEventEmissionAndReception()" classname="com.campro.v5.EventSystemTest" time="0.003"/>
  <system-out><![CDATA[[DEBUG_LOG] Test teardown complete
[DEBUG_LOG] Test teardown complete
[DEBUG_LOG] Test teardown complete
[DEBUG_LOG] Test teardown complete
[DEBUG_LOG] Test teardown complete
]]></system-out>
  <system-err><![CDATA[]]></system-err>
</testsuite>
