<?xml version="1.0" encoding="UTF-8"?>
<testsuite name="com.campro.v5.data.litvin.Week3DiagnosticsTest" tests="1" skipped="0" failures="0" errors="0" timestamp="2025-08-22T19:45:26.673Z" hostname="ABED" time="0.008">
  <properties/>
  <testcase name="diagnostics_schema_invariants_and_golden_structure()" classname="com.campro.v5.data.litvin.Week3DiagnosticsTest" time="0.008"/>
  <system-out><![CDATA[]]></system-out>
  <system-err><![CDATA[]]></system-err>
</testsuite>
